<?xml version="1.0" encoding="UTF-8"?>
<!-- Generated by org.testng.reporters.JUnitReportReporter -->
<testsuite skipped="0" hostname="chrishleys-mbp.wireless.concordia.ca" name="com.mycompany.app.Test2" tests="2" failures="0" timestamp="23 May 2019 17:38:30 GMT" time="0.010" errors="0">
  <testcase name="b" time="0.001" classname="com.mycompany.app.Test2"/>
  <testcase name="a" time="0.009" classname="com.mycompany.app.Test2"/>
</testsuite> <!-- com.mycompany.app.Test2 -->
