<?xml version="1.0" encoding="UTF-8"?>
<!-- Generated by org.testng.reporters.JUnitReportReporter -->
<testsuite skipped="0" hostname="chrishleys-mbp.wireless.concordia.ca" name="com.mycompany.app.firsttest" tests="2" failures="0" timestamp="23 May 2019 18:29:09 GMT" time="0.002" errors="0">
  <testcase name="c" time="0.001" classname="com.mycompany.app.firsttest"/>
  <testcase name="d" time="0.001" classname="com.mycompany.app.firsttest"/>
</testsuite> <!-- com.mycompany.app.firsttest -->
