<?xml version="1.0" encoding="UTF-8"?>
<!-- Generated by org.testng.reporters.JUnitReportReporter -->
<testsuite skipped="0" hostname="chrishleys-mbp.wireless.concordia.ca" name="mycompany.SecondTest" tests="2" failures="0" timestamp="26 May 2019 21:33:30 GMT" time="15.047" errors="0">
  <testcase name="Login" time="4.803" classname="mycompany.SecondTest"/>
  <testcase name="Composeemail" time="10.244" classname="mycompany.SecondTest"/>
</testsuite> <!-- mycompany.SecondTest -->
