<?xml version="1.0" encoding="UTF-8"?>
<!-- Generated by org.testng.reporters.JUnitReportReporter -->
<testsuite skipped="0" hostname="chrishleys-mbp.wireless.concordia.ca" name="mycompany.FirstTest" tests="2" failures="0" timestamp="26 May 2019 21:33:30 GMT" time="15.569" errors="0">
  <testcase name="Login" time="4.989" classname="mycompany.FirstTest"/>
  <testcase name="Composeemail" time="10.580" classname="mycompany.FirstTest"/>
</testsuite> <!-- mycompany.FirstTest -->
