<?xml version="1.0" encoding="UTF-8"?>
<!-- Generated by org.testng.reporters.JUnitReportReporter -->
<testsuite skipped="0" hostname="chrishleys-mbp.wireless.concordia.ca" name="mycompany.FirstTest" tests="2" failures="0" timestamp="27 May 2019 00:36:07 GMT" time="15.767" errors="0">
  <testcase name="Login" time="4.547" classname="mycompany.FirstTest"/>
  <testcase name="Composeemail" time="11.220" classname="mycompany.FirstTest"/>
</testsuite> <!-- mycompany.FirstTest -->
