<?xml version="1.0" encoding="UTF-8"?>
<!-- Generated by org.testng.reporters.JUnitReportReporter -->
<testsuite skipped="0" hostname="chrishleys-mbp.wireless.concordia.ca" name="mycompany.SecondTest" tests="2" failures="0" timestamp="27 May 2019 00:36:07 GMT" time="15.002" errors="0">
  <testcase name="Login" time="4.816" classname="mycompany.SecondTest"/>
  <testcase name="Composeemail" time="10.186" classname="mycompany.SecondTest"/>
</testsuite> <!-- mycompany.SecondTest -->
