<?xml version="1.0" encoding="UTF-8"?>
<!-- Generated by org.testng.reporters.JUnitReportReporter -->
<testsuite skipped="0" hostname="chrishleys-mbp.wireless.concordia.ca" name="mycompany.SecondTest" tests="2" failures="0" timestamp="31 May 2019 20:12:49 GMT" time="14.880" errors="0">
  <testcase name="Login" time="4.812" classname="mycompany.SecondTest"/>
  <testcase name="Composeemail" time="10.068" classname="mycompany.SecondTest"/>
</testsuite> <!-- mycompany.SecondTest -->
