<?xml version="1.0" encoding="UTF-8"?>
<!-- Generated by org.testng.reporters.JUnitReportReporter -->
<testsuite skipped="0" hostname="chrishleys-mbp.wireless.concordia.ca" name="com.mycompany.app.Secondtest" tests="1" failures="0" timestamp="23 May 2019 18:29:09 GMT" time="0.007" errors="0">
  <testcase name="b" time="0.007" classname="com.mycompany.app.Secondtest"/>
</testsuite> <!-- com.mycompany.app.Secondtest -->
