<?xml version="1.0" encoding="UTF-8"?>
<!-- Generated by org.testng.reporters.JUnitReportReporter -->
<testsuite skipped="0" hostname="chrishleys-mbp.wireless.concordia.ca" name="mycompany.ThirdTest" tests="2" failures="0" timestamp="31 May 2019 20:12:49 GMT" time="15.370" errors="0">
  <testcase name="Login" time="4.950" classname="mycompany.ThirdTest"/>
  <testcase name="Composeemail" time="10.420" classname="mycompany.ThirdTest"/>
</testsuite> <!-- mycompany.ThirdTest -->
