<?xml version="1.0" encoding="UTF-8"?>
<!-- Generated by org.testng.reporters.JUnitReportReporter -->
<testsuite skipped="0" hostname="chrishleys-mbp.wireless.concordia.ca" name="mycompany.FirstTest" tests="2" failures="0" timestamp="26 May 2019 21:56:56 GMT" time="17.495" errors="0">
  <testcase name="Login" time="5.205" classname="mycompany.FirstTest"/>
  <testcase name="Composeemail" time="12.290" classname="mycompany.FirstTest"/>
</testsuite> <!-- mycompany.FirstTest -->
