<?xml version="1.0" encoding="UTF-8"?>
<!-- Generated by org.testng.reporters.JUnitReportReporter -->
<testsuite skipped="0" hostname="chrishleys-mbp.wireless.concordia.ca" name="mycompany.ThirdTest" tests="2" failures="0" timestamp="27 May 2019 01:10:45 GMT" time="14.986" errors="0">
  <testcase name="Login" time="4.823" classname="mycompany.ThirdTest"/>
  <testcase name="Composeemail" time="10.163" classname="mycompany.ThirdTest"/>
</testsuite> <!-- mycompany.ThirdTest -->
